[2026-03-09 17:41:27] [31merror[39m: ❌ MongoDB connection error: bad auth : authentication failed
[2026-03-09 17:43:34] [31merror[39m: ❌ MongoDB connection error: bad auth : authentication failed
[2026-03-11 03:17:29] [31merror[39m: Interaction error [shop]: db.prepare is not a function
[2026-03-11 03:17:45] [31merror[39m: createTicket error: db.prepare is not a function
[2026-03-11 03:17:45] [31merror[39m: Interaction error [ticket]: db.prepare is not a function
[2026-03-11 03:18:15] [31merror[39m: Interaction error [leaderboard]: db.prepare is not a function
[2026-03-11 03:18:34] [31merror[39m: Interaction error [stock]: db.prepare is not a function
[2026-03-11 03:24:15] [31merror[39m: Interaction error [shop]: db.prepare is not a function
[2026-03-11 03:25:22] [31merror[39m: Interaction error [stock]: db.prepare is not a function
[2026-03-11 03:25:40] [31merror[39m: createTicket error: db.prepare is not a function
[2026-03-11 03:25:40] [31merror[39m: Interaction error [ticket]: db.prepare is not a function
[2026-03-11 03:31:59] [31merror[39m: Interaction error [stock]: db.prepare is not a function
[2026-03-11 19:22:45] [31merror[39m: Interaction error [stock]: db.prepare is not a function
[2026-03-11 20:24:26] [31merror[39m: createTicket error: db.prepare is not a function
[2026-03-11 20:24:26] [31merror[39m: Interaction error [ticket]: db.prepare is not a function
[2026-03-12 01:04:46] [31merror[39m: createTicket error: Invalid Form Body
parent_id[CHANNEL_PARENT_INVALID_TYPE]: Not a category
[2026-03-12 01:04:46] [31merror[39m: Interaction error [ticket]: Invalid Form Body
parent_id[CHANNEL_PARENT_INVALID_TYPE]: Not a category
[2026-03-12 01:10:23] [31merror[39m: Interaction error [shop_check_stock]: Cannot read properties of undefined (reading 'status')
[2026-03-12 01:10:27] [31merror[39m: createTicket error: Invalid Form Body
parent_id[CHANNEL_PARENT_INVALID_TYPE]: Not a category
[2026-03-12 01:10:27] [31merror[39m: Interaction error [ticket_create_support]: Invalid Form Body
parent_id[CHANNEL_PARENT_INVALID_TYPE]: Not a category
[2026-03-13 21:56:28] [31merror[39m: Interaction error [pay_bank_ACC-1773252601614-1470fe]: Invalid Webhook Token
[2026-03-13 22:11:52] [31merror[39m: Interaction error [ticket]: Unknown interaction
[2026-03-13 22:18:34] [31merror[39m: Interaction error [addacc]: Cannot read properties of null (reading 'split')
[2026-03-13 22:22:45] [31merror[39m: Interaction error [addacc]: Cannot read properties of null (reading 'split')
[2026-03-13 22:47:05] [31merror[39m: Interaction error [pay_bank_ACC-1773252601614-1470fe]: Invalid Webhook Token
[2026-03-13 22:48:02] [31merror[39m: Interaction error [pay_bank_ACC-1773415068057-d73926]: Invalid Webhook Token
[2026-03-13 22:53:36] [31merror[39m: Interaction error [pay_bank_ACC-1773415398914-fa2e00]: Invalid Webhook Token
[2026-03-13 23:58:32] [31merror[39m: chargeCard error:
[2026-03-14 00:20:32] [31merror[39m: Interaction error [pay_bank_ACC-1773252601614-1470fe]: Invalid Webhook Token
[2026-03-14 00:21:28] [31merror[39m: Interaction error [pay_bank_ACC-1773252601614-1470fe]: Invalid Webhook Token
[2026-03-14 01:39:02] [31merror[39m: Login failed: Used disallowed intents
[2026-03-14 01:42:13] [31merror[39m: Login failed: Used disallowed intents
[2026-03-14 11:51:11] [31merror[39m: createTicket error: Supplied parameter is not a cached User or Role.
[2026-03-14 11:51:11] [31merror[39m: Interaction error [ticket]: Supplied parameter is not a cached User or Role.
[2026-03-14 11:54:58] [31merror[39m: createTicket error: Supplied parameter is not a cached User or Role.
[2026-03-14 11:54:58] [31merror[39m: Interaction error [ticket]: Supplied parameter is not a cached User or Role.
[2026-03-14 11:55:25] [31merror[39m: createTicket error: Supplied parameter is not a cached User or Role.
[2026-03-14 11:55:25] [31merror[39m: Interaction error [ticket]: Supplied parameter is not a cached User or Role.
[2026-03-14 11:57:55] [31merror[39m: createTicket error: Supplied parameter is not a cached User or Role.
[2026-03-14 11:57:55] [31merror[39m: Interaction error [ticket]: Supplied parameter is not a cached User or Role.
[2026-03-14 11:58:45] [31merror[39m: Interaction error [ticket_rate_TKT-1773457101666-1]: no such column: rated_at
[2026-03-14 12:00:36] [31merror[39m: Interaction error [ticket_rate_TKT-1773457101666-1]: no such column: rated_at
[2026-03-14 12:01:30] [31merror[39m: Interaction error [ticket_rate_TKT-1773457277301-1]: no such column: rated_at
[2026-03-14 13:10:58] [31merror[39m: Interaction error [pay_bank_ACC-1773415068057-d73926]: Invalid Webhook Token
[2026-03-14 13:22:02] [31merror[39m: Interaction error [pay_bank_ACC-1773415398914-fa2e00]: Invalid Webhook Token
[2026-03-14 13:41:10] [31merror[39m: Client error: accManager.cancelStalePendingOrders is not a function
[2026-03-14 13:58:36] [31merror[39m: Interaction error [pay_bank_ACC-1773415398914-fa2e00]: Invalid Webhook Token
[2026-03-14 14:38:22] [31merror[39m: Interaction error [shop]: Unknown interaction
[2026-03-14 14:38:26] [31merror[39m: Interaction error [shop_check_stock]: Unknown interaction
[2026-03-14 14:39:22] [31merror[39m: Interaction error [shop]: Unknown interaction
[2026-03-14 14:39:27] [31merror[39m: Interaction error [shop_select_type]: Unknown interaction
[2026-03-14 14:39:34] [31merror[39m: Interaction error [pay_bank_ACC-1773466740406-75fd34]: Unknown interaction
[2026-03-14 14:40:16] [31merror[39m: Unhandled rejection: client is not defined
[2026-03-14 14:42:07] [31merror[39m: Interaction error [pay_cancel_ACC-1773466740406-75fd34]: Unknown interaction
[2026-03-14 14:43:36] [31merror[39m: Interaction error [shop_select_type]: Unknown interaction
[2026-03-14 14:43:38] [31merror[39m: Interaction error [pay_bank_ACC-1773466740406-728b78]: Unknown interaction
[2026-03-14 14:43:52] [31merror[39m: Unhandled rejection: client is not defined
[2026-03-14 14:44:52] [31merror[39m: Interaction error [ticket_close_TKT-1773467035139-1]: Unknown interaction
[2026-03-14 14:44:58] [31merror[39m: Interaction error [ticket_rate_TKT-1773467035139-1]: no such column: rated_at
[2026-03-14 14:44:58] [31merror[39m: Interaction error [ticket_rate_TKT-1773467035139-1]: no such column: rated_at
[2026-03-14 14:45:02] [31merror[39m: Interaction error [ticket_rate_TKT-1773467035139-1]: no such column: rated_at
[2026-03-14 14:45:02] [31merror[39m: Interaction error [ticket_rate_TKT-1773467035139-1]: no such column: rated_at
[2026-03-14 14:45:41] [31merror[39m: Interaction error [ticket_rate_TKT-1773467035139-1]: Unknown interaction
[2026-03-14 14:45:56] [31merror[39m: Interaction error [ticket_rate_TKT-1773457101666-1]: Unknown interaction
[2026-03-14 14:46:28] [31merror[39m: Interaction error [ticket_close_TKT-1773465804704-1]: Unknown interaction
[2026-03-14 14:46:36] [31merror[39m: Interaction error [ticket_rate_TKT-1773465804704-1]: Unknown interaction
[2026-03-14 14:55:43] [31merror[39m: Unhandled rejection: client is not defined
[2026-03-14 15:03:34] [31merror[39m: Interaction error [ticket_rate_TKT-1773467744159-1]: no such column: rated_at
[2026-03-14 15:06:58] [31merror[39m: Interaction error [pay_bank_ACC-1773467671676-313949]: Cannot access 'db' before initialization
[2026-03-14 15:09:05] [31merror[39m: Unhandled rejection: client is not defined
[2026-03-14 15:26:18] [31merror[39m: Unhandled rejection: client is not defined
[2026-03-14 16:23:12] [31merror[39m: chargeCard error:
